<?xml version="1.0" encoding="UTF-8"?>
<testsuite name="com.example.service.RegisterTest" tests="1" skipped="0" failures="0" errors="0" timestamp="2025-08-07T14:59:39" hostname="LABPC" time="0.118">
  <properties/>
  <testcase name="testGreeting()" classname="com.example.service.RegisterTest" time="0.118"/>
  <system-out><![CDATA[]]></system-out>
  <system-err><![CDATA[]]></system-err>
</testsuite>
